<?xml version="1.0" encoding="UTF-8"?>
<testsuite name="sustenagro.HomeControllerSpec" tests="1" skipped="0" failures="1" errors="0" timestamp="2015-05-06T20:17:56" hostname="passion" time="7.238">
  <properties/>
  <testcase name="test something" classname="sustenagro.HomeControllerSpec" time="7.238">
    <failure message="Condition not satisfied:&#10;&#10;true == false&#10;     |&#10;     false&#10;" type="org.spockframework.runtime.SpockComparisonFailure">Condition not satisfied:

true == false
     |
     false

	at sustenagro.HomeControllerSpec.test something(HomeControllerSpec.groovy:20)
</failure>
  </testcase>
  <system-out><![CDATA[]]></system-out>
  <system-err><![CDATA[]]></system-err>
</testsuite>
